<?xml version="1.0" encoding="UTF-8"?>
<testsuite name="Registro de Usuario en la Pagina Utest" tests="1" skipped="0" failures="1" errors="0" timestamp="2022-04-14T19:12:55" hostname="LAPTOP-ACP11Q0O" time="46.125">
  <properties/>
  <testcase name="Registro de usuario en la pagina" classname="Registro de Usuario en la Pagina Utest" time="46.125">
    <failure message="java.lang.AssertionError: Expected r&#10;Expected: is &lt;true&gt;&#10;     but: was &lt;false&gt;" type="java.lang.AssertionError">java.lang.AssertionError: Expected r
Expected: is &lt;true&gt;
     but: was &lt;false&gt;
	at net.serenitybdd.screenplay.ErrorTally.throwSummaryExceptionFrom(ErrorTally.java:36)
	at net.serenitybdd.screenplay.ErrorTally.reportAnyErrors(ErrorTally.java:30)
	at net.serenitybdd.screenplay.Actor.should(Actor.java:301)
	at pruebaUtest.stepdefinitions.UtestStepDefinition.posteriormenteSeDebeDarClickEnElBotonDeRegistroParaFinalizarElMismo(UtestStepDefinition.java:37)
	at ✽.posteriormente se debe dar click en el boton de registro para finalizar el mismo(src/test/resources/features/registro.feature:13)
</failure>
  </testcase>
  <system-out><![CDATA[]]></system-out>
  <system-err><![CDATA[[Test worker] WARN net.thucydides.core.steps.BaseStepListener - stepStarted: net.thucydides.core.steps.ExecutedStepDescription@6c444b2f
[Test worker] WARN net.thucydides.core.steps.BaseStepListener - stepStarted: net.thucydides.core.steps.ExecutedStepDescription@4e21bdf6
[Test worker] WARN net.thucydides.core.steps.BaseStepListener - stepStarted: net.thucydides.core.steps.ExecutedStepDescription@791e9f2c
abr. 14, 2022 2:12:56 P. M. org.openqa.selenium.remote.DesiredCapabilities chrome
INFORMACIÓN: Using `new ChromeOptions()` is preferred to `DesiredCapabilities.chrome()`
[Test worker] INFO net.serenitybdd.core.webdriver.driverproviders.ProvideNewDriver - Instantiating driver
[Test worker] INFO net.serenitybdd.core.webdriver.driverproviders.ProvideNewDriver - Driver capabilities: Capabilities {acceptInsecureCerts: false, browserName: chrome, chrome.switches: --start-maximized, goog:chromeOptions: {args: [--start-maximized], extensions: []}, loggingPrefs: org.openqa.selenium.logging..., platform: ANY, version: }
Starting ChromeDriver 99.0.4844.51 (d537ec02474b5afe23684e7963d538896c63ac77-refs/branch-heads/4844@{#875}) on port 10983
Only local connections are allowed.
Please see https://chromedriver.chromium.org/security-considerations for suggestions on keeping ChromeDriver safe.
ChromeDriver was started successfully.
[1649963579.149][WARNING]: This version of ChromeDriver has not been tested with Chrome version 100.
abr. 14, 2022 2:12:59 P. M. org.openqa.selenium.remote.ProtocolHandshake createSession
INFORMACIÓN: Detected dialect: W3C
[Test worker] WARN net.thucydides.core.steps.BaseStepListener - stepFinished: current outcome:Registro de usuario en la pagina:Given Se desea registrar a un usuario en la pagina [Brayan abrir [Brayan opens the Pagina]]
[Test worker] WARN net.thucydides.core.steps.BaseStepListener - stepStarted: net.thucydides.core.steps.ExecutedStepDescription@29b8914b
[Test worker] WARN net.thucydides.core.steps.BaseStepListener - stepFinished: current outcome:Registro de usuario en la pagina:Given Se desea registrar a un usuario en la pagina [Brayan abrir [Brayan opens the Pagina, Brayan clicks on Boton para iniciar registro]]
[Test worker] WARN net.thucydides.core.steps.BaseStepListener - stepFinished: current outcome:Registro de usuario en la pagina:Given Se desea registrar a un usuario en la pagina [Brayan abrir [Brayan opens the Pagina, Brayan clicks on Boton para iniciar registro]]
[Test worker] WARN net.thucydides.core.steps.BaseStepListener - stepFinished: current outcome:Registro de usuario en la pagina:Given Se desea registrar a un usuario en la pagina [Brayan abrir [Brayan opens the Pagina, Brayan clicks on Boton para iniciar registro]]
[Test worker] WARN net.thucydides.core.steps.BaseStepListener - stepStarted: net.thucydides.core.steps.ExecutedStepDescription@179dce77
[Test worker] WARN net.thucydides.core.steps.BaseStepListener - stepStarted: net.thucydides.core.steps.ExecutedStepDescription@1e0fdcae
[Test worker] WARN net.thucydides.core.steps.BaseStepListener - stepStarted: net.thucydides.core.steps.ExecutedStepDescription@352fbd83
[Test worker] WARN net.thucydides.core.steps.BaseStepListener - stepFinished: current outcome:Registro de usuario en la pagina:Given Se desea registrar a un usuario en la pagina [Brayan abrir [Brayan opens the Pagina, Brayan clicks on Boton para iniciar registro]], When Se diligenciara un formulario con los datos del usuario solicitados por el sistema
| strNombre | strApellido | strEmail | strAnoNacimiento | strMesNacimiento | strDiaNacimiento | strCiudad | strZip | strPais | strDispositivo | strModelo | strSo | strClave |
| User | Prueba | brtm@hotmail.com | 1993 | November | 23 | Bogotá | 110101 | Colombia | Alcatel | Crystal | Android 7.0 | Oira.1032370453 | [Brayan llenar [Brayan enters 'User' into Primer nombre]]
[Test worker] WARN net.thucydides.core.steps.BaseStepListener - stepStarted: net.thucydides.core.steps.ExecutedStepDescription@127bcebc
[Test worker] WARN net.thucydides.core.steps.BaseStepListener - stepFinished: current outcome:Registro de usuario en la pagina:Given Se desea registrar a un usuario en la pagina [Brayan abrir [Brayan opens the Pagina, Brayan clicks on Boton para iniciar registro]], When Se diligenciara un formulario con los datos del usuario solicitados por el sistema
| strNombre | strApellido | strEmail | strAnoNacimiento | strMesNacimiento | strDiaNacimiento | strCiudad | strZip | strPais | strDispositivo | strModelo | strSo | strClave |
| User | Prueba | brtm@hotmail.com | 1993 | November | 23 | Bogotá | 110101 | Colombia | Alcatel | Crystal | Android 7.0 | Oira.1032370453 | [Brayan llenar [Brayan enters 'User' into Primer nombre, Brayan enters 'Prueba' into Apellido]]
[Test worker] WARN net.thucydides.core.steps.BaseStepListener - stepStarted: net.thucydides.core.steps.ExecutedStepDescription@38b29a72
[Test worker] WARN net.thucydides.core.steps.BaseStepListener - stepFinished: current outcome:Registro de usuario en la pagina:Given Se desea registrar a un usuario en la pagina [Brayan abrir [Brayan opens the Pagina, Brayan clicks on Boton para iniciar registro]], When Se diligenciara un formulario con los datos del usuario solicitados por el sistema
| strNombre | strApellido | strEmail | strAnoNacimiento | strMesNacimiento | strDiaNacimiento | strCiudad | strZip | strPais | strDispositivo | strModelo | strSo | strClave |
| User | Prueba | brtm@hotmail.com | 1993 | November | 23 | Bogotá | 110101 | Colombia | Alcatel | Crystal | Android 7.0 | Oira.1032370453 | [Brayan llenar [Brayan enters 'User' into Primer nombre, Brayan enters 'Prueba' into Apellido, Brayan enters 'brtm@hotmail.com' into Email]]
[Test worker] WARN net.thucydides.core.steps.BaseStepListener - stepStarted: net.thucydides.core.steps.ExecutedStepDescription@5302aa4b
[Test worker] WARN net.thucydides.core.steps.BaseStepListener - stepFinished: current outcome:Registro de usuario en la pagina:Given Se desea registrar a un usuario en la pagina [Brayan abrir [Brayan opens the Pagina, Brayan clicks on Boton para iniciar registro]], When Se diligenciara un formulario con los datos del usuario solicitados por el sistema
| strNombre | strApellido | strEmail | strAnoNacimiento | strMesNacimiento | strDiaNacimiento | strCiudad | strZip | strPais | strDispositivo | strModelo | strSo | strClave |
| User | Prueba | brtm@hotmail.com | 1993 | November | 23 | Bogotá | 110101 | Colombia | Alcatel | Crystal | Android 7.0 | Oira.1032370453 | [Brayan llenar [Brayan enters 'User' into Primer nombre, Brayan enters 'Prueba' into Apellido, Brayan enters 'brtm@hotmail.com' into Email, Brayan select November on Mes de nacido]]
[Test worker] WARN net.thucydides.core.steps.BaseStepListener - stepStarted: net.thucydides.core.steps.ExecutedStepDescription@1080da36
[Test worker] WARN net.thucydides.core.steps.BaseStepListener - stepFinished: current outcome:Registro de usuario en la pagina:Given Se desea registrar a un usuario en la pagina [Brayan abrir [Brayan opens the Pagina, Brayan clicks on Boton para iniciar registro]], When Se diligenciara un formulario con los datos del usuario solicitados por el sistema
| strNombre | strApellido | strEmail | strAnoNacimiento | strMesNacimiento | strDiaNacimiento | strCiudad | strZip | strPais | strDispositivo | strModelo | strSo | strClave |
| User | Prueba | brtm@hotmail.com | 1993 | November | 23 | Bogotá | 110101 | Colombia | Alcatel | Crystal | Android 7.0 | Oira.1032370453 | [Brayan llenar [Brayan enters 'User' into Primer nombre, Brayan enters 'Prueba' into Apellido, Brayan enters 'brtm@hotmail.com' into Email, Brayan select November on Mes de nacido, Brayan select 23 on Dia de nacido]]
[Test worker] WARN net.thucydides.core.steps.BaseStepListener - stepStarted: net.thucydides.core.steps.ExecutedStepDescription@677f6c14
[Test worker] WARN net.thucydides.core.steps.BaseStepListener - stepFinished: current outcome:Registro de usuario en la pagina:Given Se desea registrar a un usuario en la pagina [Brayan abrir [Brayan opens the Pagina, Brayan clicks on Boton para iniciar registro]], When Se diligenciara un formulario con los datos del usuario solicitados por el sistema
| strNombre | strApellido | strEmail | strAnoNacimiento | strMesNacimiento | strDiaNacimiento | strCiudad | strZip | strPais | strDispositivo | strModelo | strSo | strClave |
| User | Prueba | brtm@hotmail.com | 1993 | November | 23 | Bogotá | 110101 | Colombia | Alcatel | Crystal | Android 7.0 | Oira.1032370453 | [Brayan llenar [Brayan enters 'User' into Primer nombre, Brayan enters 'Prueba' into Apellido, Brayan enters 'brtm@hotmail.com' into Email, Brayan select November on Mes de nacido, Brayan select 23 on Dia de nacido, Brayan select 1993 on Ano nacimiento]]
[Test worker] WARN net.thucydides.core.steps.BaseStepListener - stepStarted: net.thucydides.core.steps.ExecutedStepDescription@71da67f8
[Test worker] WARN net.thucydides.core.steps.BaseStepListener - stepFinished: current outcome:Registro de usuario en la pagina:Given Se desea registrar a un usuario en la pagina [Brayan abrir [Brayan opens the Pagina, Brayan clicks on Boton para iniciar registro]], When Se diligenciara un formulario con los datos del usuario solicitados por el sistema
| strNombre | strApellido | strEmail | strAnoNacimiento | strMesNacimiento | strDiaNacimiento | strCiudad | strZip | strPais | strDispositivo | strModelo | strSo | strClave |
| User | Prueba | brtm@hotmail.com | 1993 | November | 23 | Bogotá | 110101 | Colombia | Alcatel | Crystal | Android 7.0 | Oira.1032370453 | [Brayan llenar [Brayan enters 'User' into Primer nombre, Brayan enters 'Prueba' into Apellido, Brayan enters 'brtm@hotmail.com' into Email, Brayan select November on Mes de nacido, Brayan select 23 on Dia de nacido, Brayan select 1993 on Ano nacimiento, Brayan clicks on Boton de localizacion]]
[Test worker] WARN net.thucydides.core.steps.BaseStepListener - stepFinished: current outcome:Registro de usuario en la pagina:Given Se desea registrar a un usuario en la pagina [Brayan abrir [Brayan opens the Pagina, Brayan clicks on Boton para iniciar registro]], When Se diligenciara un formulario con los datos del usuario solicitados por el sistema
| strNombre | strApellido | strEmail | strAnoNacimiento | strMesNacimiento | strDiaNacimiento | strCiudad | strZip | strPais | strDispositivo | strModelo | strSo | strClave |
| User | Prueba | brtm@hotmail.com | 1993 | November | 23 | Bogotá | 110101 | Colombia | Alcatel | Crystal | Android 7.0 | Oira.1032370453 | [Brayan llenar [Brayan enters 'User' into Primer nombre, Brayan enters 'Prueba' into Apellido, Brayan enters 'brtm@hotmail.com' into Email, Brayan select November on Mes de nacido, Brayan select 23 on Dia de nacido, Brayan select 1993 on Ano nacimiento, Brayan clicks on Boton de localizacion]]
[Test worker] WARN net.thucydides.core.steps.BaseStepListener - stepStarted: net.thucydides.core.steps.ExecutedStepDescription@5054633a
[Test worker] WARN net.thucydides.core.steps.BaseStepListener - stepStarted: net.thucydides.core.steps.ExecutedStepDescription@3cf41737
[Test worker] WARN net.thucydides.core.steps.BaseStepListener - stepFinished: current outcome:Registro de usuario en la pagina:Given Se desea registrar a un usuario en la pagina [Brayan abrir [Brayan opens the Pagina, Brayan clicks on Boton para iniciar registro]], When Se diligenciara un formulario con los datos del usuario solicitados por el sistema
| strNombre | strApellido | strEmail | strAnoNacimiento | strMesNacimiento | strDiaNacimiento | strCiudad | strZip | strPais | strDispositivo | strModelo | strSo | strClave |
| User | Prueba | brtm@hotmail.com | 1993 | November | 23 | Bogotá | 110101 | Colombia | Alcatel | Crystal | Android 7.0 | Oira.1032370453 | [Brayan llenar [Brayan enters 'User' into Primer nombre, Brayan enters 'Prueba' into Apellido, Brayan enters 'brtm@hotmail.com' into Email, Brayan select November on Mes de nacido, Brayan select 23 on Dia de nacido, Brayan select 1993 on Ano nacimiento, Brayan clicks on Boton de localizacion], Brayan llenar ubicacion [Brayan enters 'Bogotá' into Ciudad]]
[Test worker] WARN net.thucydides.core.steps.BaseStepListener - stepStarted: net.thucydides.core.steps.ExecutedStepDescription@7ca8a12f
[Test worker] WARN net.thucydides.core.steps.BaseStepListener - stepFinished: current outcome:Registro de usuario en la pagina:Given Se desea registrar a un usuario en la pagina [Brayan abrir [Brayan opens the Pagina, Brayan clicks on Boton para iniciar registro]], When Se diligenciara un formulario con los datos del usuario solicitados por el sistema
| strNombre | strApellido | strEmail | strAnoNacimiento | strMesNacimiento | strDiaNacimiento | strCiudad | strZip | strPais | strDispositivo | strModelo | strSo | strClave |
| User | Prueba | brtm@hotmail.com | 1993 | November | 23 | Bogotá | 110101 | Colombia | Alcatel | Crystal | Android 7.0 | Oira.1032370453 | [Brayan llenar [Brayan enters 'User' into Primer nombre, Brayan enters 'Prueba' into Apellido, Brayan enters 'brtm@hotmail.com' into Email, Brayan select November on Mes de nacido, Brayan select 23 on Dia de nacido, Brayan select 1993 on Ano nacimiento, Brayan clicks on Boton de localizacion], Brayan llenar ubicacion [Brayan enters 'Bogotá' into Ciudad, Brayan types 'ARROW_DOWN' in Ciudad]]
[Test worker] WARN net.thucydides.core.steps.BaseStepListener - stepStarted: net.thucydides.core.steps.ExecutedStepDescription@54c15566
[Test worker] WARN net.thucydides.core.steps.BaseStepListener - stepFinished: current outcome:Registro de usuario en la pagina:Given Se desea registrar a un usuario en la pagina [Brayan abrir [Brayan opens the Pagina, Brayan clicks on Boton para iniciar registro]], When Se diligenciara un formulario con los datos del usuario solicitados por el sistema
| strNombre | strApellido | strEmail | strAnoNacimiento | strMesNacimiento | strDiaNacimiento | strCiudad | strZip | strPais | strDispositivo | strModelo | strSo | strClave |
| User | Prueba | brtm@hotmail.com | 1993 | November | 23 | Bogotá | 110101 | Colombia | Alcatel | Crystal | Android 7.0 | Oira.1032370453 | [Brayan llenar [Brayan enters 'User' into Primer nombre, Brayan enters 'Prueba' into Apellido, Brayan enters 'brtm@hotmail.com' into Email, Brayan select November on Mes de nacido, Brayan select 23 on Dia de nacido, Brayan select 1993 on Ano nacimiento, Brayan clicks on Boton de localizacion], Brayan llenar ubicacion [Brayan enters 'Bogotá' into Ciudad, Brayan types 'ARROW_DOWN' in Ciudad, Brayan types 'ENTER' in Ciudad]]
[Test worker] WARN net.thucydides.core.steps.BaseStepListener - stepStarted: net.thucydides.core.steps.ExecutedStepDescription@3bdcf343
[Test worker] WARN net.thucydides.core.steps.BaseStepListener - stepFinished: current outcome:Registro de usuario en la pagina:Given Se desea registrar a un usuario en la pagina [Brayan abrir [Brayan opens the Pagina, Brayan clicks on Boton para iniciar registro]], When Se diligenciara un formulario con los datos del usuario solicitados por el sistema
| strNombre | strApellido | strEmail | strAnoNacimiento | strMesNacimiento | strDiaNacimiento | strCiudad | strZip | strPais | strDispositivo | strModelo | strSo | strClave |
| User | Prueba | brtm@hotmail.com | 1993 | November | 23 | Bogotá | 110101 | Colombia | Alcatel | Crystal | Android 7.0 | Oira.1032370453 | [Brayan llenar [Brayan enters 'User' into Primer nombre, Brayan enters 'Prueba' into Apellido, Brayan enters 'brtm@hotmail.com' into Email, Brayan select November on Mes de nacido, Brayan select 23 on Dia de nacido, Brayan select 1993 on Ano nacimiento, Brayan clicks on Boton de localizacion], Brayan llenar ubicacion [Brayan enters 'Bogotá' into Ciudad, Brayan types 'ARROW_DOWN' in Ciudad, Brayan types 'ENTER' in Ciudad, Brayan enters '110101' into Codigo Postal]]
[Test worker] WARN net.thucydides.core.steps.BaseStepListener - stepStarted: net.thucydides.core.steps.ExecutedStepDescription@45e1c09b
[Test worker] WARN net.thucydides.core.steps.BaseStepListener - stepFinished: current outcome:Registro de usuario en la pagina:Given Se desea registrar a un usuario en la pagina [Brayan abrir [Brayan opens the Pagina, Brayan clicks on Boton para iniciar registro]], When Se diligenciara un formulario con los datos del usuario solicitados por el sistema
| strNombre | strApellido | strEmail | strAnoNacimiento | strMesNacimiento | strDiaNacimiento | strCiudad | strZip | strPais | strDispositivo | strModelo | strSo | strClave |
| User | Prueba | brtm@hotmail.com | 1993 | November | 23 | Bogotá | 110101 | Colombia | Alcatel | Crystal | Android 7.0 | Oira.1032370453 | [Brayan llenar [Brayan enters 'User' into Primer nombre, Brayan enters 'Prueba' into Apellido, Brayan enters 'brtm@hotmail.com' into Email, Brayan select November on Mes de nacido, Brayan select 23 on Dia de nacido, Brayan select 1993 on Ano nacimiento, Brayan clicks on Boton de localizacion], Brayan llenar ubicacion [Brayan enters 'Bogotá' into Ciudad, Brayan types 'ARROW_DOWN' in Ciudad, Brayan types 'ENTER' in Ciudad, Brayan enters '110101' into Codigo Postal, Brayan clicks on Contenedor]]
[Test worker] WARN net.thucydides.core.steps.BaseStepListener - stepStarted: net.thucydides.core.steps.ExecutedStepDescription@5c2859
[Test worker] WARN net.thucydides.core.steps.BaseStepListener - stepFinished: current outcome:Registro de usuario en la pagina:Given Se desea registrar a un usuario en la pagina [Brayan abrir [Brayan opens the Pagina, Brayan clicks on Boton para iniciar registro]], When Se diligenciara un formulario con los datos del usuario solicitados por el sistema
| strNombre | strApellido | strEmail | strAnoNacimiento | strMesNacimiento | strDiaNacimiento | strCiudad | strZip | strPais | strDispositivo | strModelo | strSo | strClave |
| User | Prueba | brtm@hotmail.com | 1993 | November | 23 | Bogotá | 110101 | Colombia | Alcatel | Crystal | Android 7.0 | Oira.1032370453 | [Brayan llenar [Brayan enters 'User' into Primer nombre, Brayan enters 'Prueba' into Apellido, Brayan enters 'brtm@hotmail.com' into Email, Brayan select November on Mes de nacido, Brayan select 23 on Dia de nacido, Brayan select 1993 on Ano nacimiento, Brayan clicks on Boton de localizacion], Brayan llenar ubicacion [Brayan enters 'Bogotá' into Ciudad, Brayan types 'ARROW_DOWN' in Ciudad, Brayan types 'ENTER' in Ciudad, Brayan enters '110101' into Codigo Postal, Brayan clicks on Contenedor, Brayan enters 'Colombia' then hits ARROW_DOWN and ENTER into Paises]]
[Test worker] WARN net.thucydides.core.steps.BaseStepListener - stepStarted: net.thucydides.core.steps.ExecutedStepDescription@e6dc34f
[Test worker] WARN net.thucydides.core.steps.BaseStepListener - stepFinished: current outcome:Registro de usuario en la pagina:Given Se desea registrar a un usuario en la pagina [Brayan abrir [Brayan opens the Pagina, Brayan clicks on Boton para iniciar registro]], When Se diligenciara un formulario con los datos del usuario solicitados por el sistema
| strNombre | strApellido | strEmail | strAnoNacimiento | strMesNacimiento | strDiaNacimiento | strCiudad | strZip | strPais | strDispositivo | strModelo | strSo | strClave |
| User | Prueba | brtm@hotmail.com | 1993 | November | 23 | Bogotá | 110101 | Colombia | Alcatel | Crystal | Android 7.0 | Oira.1032370453 | [Brayan llenar [Brayan enters 'User' into Primer nombre, Brayan enters 'Prueba' into Apellido, Brayan enters 'brtm@hotmail.com' into Email, Brayan select November on Mes de nacido, Brayan select 23 on Dia de nacido, Brayan select 1993 on Ano nacimiento, Brayan clicks on Boton de localizacion], Brayan llenar ubicacion [Brayan enters 'Bogotá' into Ciudad, Brayan types 'ARROW_DOWN' in Ciudad, Brayan types 'ENTER' in Ciudad, Brayan enters '110101' into Codigo Postal, Brayan clicks on Contenedor, Brayan enters 'Colombia' then hits ARROW_DOWN and ENTER into Paises, Brayan clicks on Dispositivos]]
[Test worker] WARN net.thucydides.core.steps.BaseStepListener - stepFinished: current outcome:Registro de usuario en la pagina:Given Se desea registrar a un usuario en la pagina [Brayan abrir [Brayan opens the Pagina, Brayan clicks on Boton para iniciar registro]], When Se diligenciara un formulario con los datos del usuario solicitados por el sistema
| strNombre | strApellido | strEmail | strAnoNacimiento | strMesNacimiento | strDiaNacimiento | strCiudad | strZip | strPais | strDispositivo | strModelo | strSo | strClave |
| User | Prueba | brtm@hotmail.com | 1993 | November | 23 | Bogotá | 110101 | Colombia | Alcatel | Crystal | Android 7.0 | Oira.1032370453 | [Brayan llenar [Brayan enters 'User' into Primer nombre, Brayan enters 'Prueba' into Apellido, Brayan enters 'brtm@hotmail.com' into Email, Brayan select November on Mes de nacido, Brayan select 23 on Dia de nacido, Brayan select 1993 on Ano nacimiento, Brayan clicks on Boton de localizacion], Brayan llenar ubicacion [Brayan enters 'Bogotá' into Ciudad, Brayan types 'ARROW_DOWN' in Ciudad, Brayan types 'ENTER' in Ciudad, Brayan enters '110101' into Codigo Postal, Brayan clicks on Contenedor, Brayan enters 'Colombia' then hits ARROW_DOWN and ENTER into Paises, Brayan clicks on Dispositivos]]
[Test worker] WARN net.thucydides.core.steps.BaseStepListener - stepStarted: net.thucydides.core.steps.ExecutedStepDescription@2e640416
[Test worker] WARN net.thucydides.core.steps.BaseStepListener - stepStarted: net.thucydides.core.steps.ExecutedStepDescription@7c702887
[Test worker] WARN net.thucydides.core.steps.BaseStepListener - stepFinished: current outcome:Registro de usuario en la pagina:Given Se desea registrar a un usuario en la pagina [Brayan abrir [Brayan opens the Pagina, Brayan clicks on Boton para iniciar registro]], When Se diligenciara un formulario con los datos del usuario solicitados por el sistema
| strNombre | strApellido | strEmail | strAnoNacimiento | strMesNacimiento | strDiaNacimiento | strCiudad | strZip | strPais | strDispositivo | strModelo | strSo | strClave |
| User | Prueba | brtm@hotmail.com | 1993 | November | 23 | Bogotá | 110101 | Colombia | Alcatel | Crystal | Android 7.0 | Oira.1032370453 | [Brayan llenar [Brayan enters 'User' into Primer nombre, Brayan enters 'Prueba' into Apellido, Brayan enters 'brtm@hotmail.com' into Email, Brayan select November on Mes de nacido, Brayan select 23 on Dia de nacido, Brayan select 1993 on Ano nacimiento, Brayan clicks on Boton de localizacion], Brayan llenar ubicacion [Brayan enters 'Bogotá' into Ciudad, Brayan types 'ARROW_DOWN' in Ciudad, Brayan types 'ENTER' in Ciudad, Brayan enters '110101' into Codigo Postal, Brayan clicks on Contenedor, Brayan enters 'Colombia' then hits ARROW_DOWN and ENTER into Paises, Brayan clicks on Dispositivos], Brayan llenar dis [Brayan clicks on Contenedor Dispo]]
[Test worker] WARN net.thucydides.core.steps.BaseStepListener - stepStarted: net.thucydides.core.steps.ExecutedStepDescription@65d969
[Test worker] WARN net.thucydides.core.steps.BaseStepListener - stepFinished: current outcome:Registro de usuario en la pagina:Given Se desea registrar a un usuario en la pagina [Brayan abrir [Brayan opens the Pagina, Brayan clicks on Boton para iniciar registro]], When Se diligenciara un formulario con los datos del usuario solicitados por el sistema
| strNombre | strApellido | strEmail | strAnoNacimiento | strMesNacimiento | strDiaNacimiento | strCiudad | strZip | strPais | strDispositivo | strModelo | strSo | strClave |
| User | Prueba | brtm@hotmail.com | 1993 | November | 23 | Bogotá | 110101 | Colombia | Alcatel | Crystal | Android 7.0 | Oira.1032370453 | [Brayan llenar [Brayan enters 'User' into Primer nombre, Brayan enters 'Prueba' into Apellido, Brayan enters 'brtm@hotmail.com' into Email, Brayan select November on Mes de nacido, Brayan select 23 on Dia de nacido, Brayan select 1993 on Ano nacimiento, Brayan clicks on Boton de localizacion], Brayan llenar ubicacion [Brayan enters 'Bogotá' into Ciudad, Brayan types 'ARROW_DOWN' in Ciudad, Brayan types 'ENTER' in Ciudad, Brayan enters '110101' into Codigo Postal, Brayan clicks on Contenedor, Brayan enters 'Colombia' then hits ARROW_DOWN and ENTER into Paises, Brayan clicks on Dispositivos], Brayan llenar dis [Brayan clicks on Contenedor Dispo, Brayan enters 'Alcatel' then hits ARROW_DOWN and ENTER into despliegue dispositivos]]
[Test worker] WARN net.thucydides.core.steps.BaseStepListener - stepStarted: net.thucydides.core.steps.ExecutedStepDescription@1fa38188
[Test worker] WARN net.thucydides.core.steps.BaseStepListener - stepFinished: current outcome:Registro de usuario en la pagina:Given Se desea registrar a un usuario en la pagina [Brayan abrir [Brayan opens the Pagina, Brayan clicks on Boton para iniciar registro]], When Se diligenciara un formulario con los datos del usuario solicitados por el sistema
| strNombre | strApellido | strEmail | strAnoNacimiento | strMesNacimiento | strDiaNacimiento | strCiudad | strZip | strPais | strDispositivo | strModelo | strSo | strClave |
| User | Prueba | brtm@hotmail.com | 1993 | November | 23 | Bogotá | 110101 | Colombia | Alcatel | Crystal | Android 7.0 | Oira.1032370453 | [Brayan llenar [Brayan enters 'User' into Primer nombre, Brayan enters 'Prueba' into Apellido, Brayan enters 'brtm@hotmail.com' into Email, Brayan select November on Mes de nacido, Brayan select 23 on Dia de nacido, Brayan select 1993 on Ano nacimiento, Brayan clicks on Boton de localizacion], Brayan llenar ubicacion [Brayan enters 'Bogotá' into Ciudad, Brayan types 'ARROW_DOWN' in Ciudad, Brayan types 'ENTER' in Ciudad, Brayan enters '110101' into Codigo Postal, Brayan clicks on Contenedor, Brayan enters 'Colombia' then hits ARROW_DOWN and ENTER into Paises, Brayan clicks on Dispositivos], Brayan llenar dis [Brayan clicks on Contenedor Dispo, Brayan enters 'Alcatel' then hits ARROW_DOWN and ENTER into despliegue dispositivos, Brayan clicks on Contenedor Modelos]]
[Test worker] WARN net.thucydides.core.steps.BaseStepListener - stepStarted: net.thucydides.core.steps.ExecutedStepDescription@27007ef3
[Test worker] WARN net.thucydides.core.steps.BaseStepListener - stepFinished: current outcome:Registro de usuario en la pagina:Given Se desea registrar a un usuario en la pagina [Brayan abrir [Brayan opens the Pagina, Brayan clicks on Boton para iniciar registro]], When Se diligenciara un formulario con los datos del usuario solicitados por el sistema
| strNombre | strApellido | strEmail | strAnoNacimiento | strMesNacimiento | strDiaNacimiento | strCiudad | strZip | strPais | strDispositivo | strModelo | strSo | strClave |
| User | Prueba | brtm@hotmail.com | 1993 | November | 23 | Bogotá | 110101 | Colombia | Alcatel | Crystal | Android 7.0 | Oira.1032370453 | [Brayan llenar [Brayan enters 'User' into Primer nombre, Brayan enters 'Prueba' into Apellido, Brayan enters 'brtm@hotmail.com' into Email, Brayan select November on Mes de nacido, Brayan select 23 on Dia de nacido, Brayan select 1993 on Ano nacimiento, Brayan clicks on Boton de localizacion], Brayan llenar ubicacion [Brayan enters 'Bogotá' into Ciudad, Brayan types 'ARROW_DOWN' in Ciudad, Brayan types 'ENTER' in Ciudad, Brayan enters '110101' into Codigo Postal, Brayan clicks on Contenedor, Brayan enters 'Colombia' then hits ARROW_DOWN and ENTER into Paises, Brayan clicks on Dispositivos], Brayan llenar dis [Brayan clicks on Contenedor Dispo, Brayan enters 'Alcatel' then hits ARROW_DOWN and ENTER into despliegue dispositivos, Brayan clicks on Contenedor Modelos, Brayan enters 'Crystal' then hits ARROW_DOWN and ENTER into despliegue Modelos]]
[Test worker] WARN net.thucydides.core.steps.BaseStepListener - stepStarted: net.thucydides.core.steps.ExecutedStepDescription@43152d28
[Test worker] WARN net.thucydides.core.steps.BaseStepListener - stepFinished: current outcome:Registro de usuario en la pagina:Given Se desea registrar a un usuario en la pagina [Brayan abrir [Brayan opens the Pagina, Brayan clicks on Boton para iniciar registro]], When Se diligenciara un formulario con los datos del usuario solicitados por el sistema
| strNombre | strApellido | strEmail | strAnoNacimiento | strMesNacimiento | strDiaNacimiento | strCiudad | strZip | strPais | strDispositivo | strModelo | strSo | strClave |
| User | Prueba | brtm@hotmail.com | 1993 | November | 23 | Bogotá | 110101 | Colombia | Alcatel | Crystal | Android 7.0 | Oira.1032370453 | [Brayan llenar [Brayan enters 'User' into Primer nombre, Brayan enters 'Prueba' into Apellido, Brayan enters 'brtm@hotmail.com' into Email, Brayan select November on Mes de nacido, Brayan select 23 on Dia de nacido, Brayan select 1993 on Ano nacimiento, Brayan clicks on Boton de localizacion], Brayan llenar ubicacion [Brayan enters 'Bogotá' into Ciudad, Brayan types 'ARROW_DOWN' in Ciudad, Brayan types 'ENTER' in Ciudad, Brayan enters '110101' into Codigo Postal, Brayan clicks on Contenedor, Brayan enters 'Colombia' then hits ARROW_DOWN and ENTER into Paises, Brayan clicks on Dispositivos], Brayan llenar dis [Brayan clicks on Contenedor Dispo, Brayan enters 'Alcatel' then hits ARROW_DOWN and ENTER into despliegue dispositivos, Brayan clicks on Contenedor Modelos, Brayan enters 'Crystal' then hits ARROW_DOWN and ENTER into despliegue Modelos, Brayan clicks on Contenedor SO]]
[Test worker] WARN net.thucydides.core.steps.BaseStepListener - stepStarted: net.thucydides.core.steps.ExecutedStepDescription@12094dd4
[Test worker] WARN net.thucydides.core.steps.BaseStepListener - stepFinished: current outcome:Registro de usuario en la pagina:Given Se desea registrar a un usuario en la pagina [Brayan abrir [Brayan opens the Pagina, Brayan clicks on Boton para iniciar registro]], When Se diligenciara un formulario con los datos del usuario solicitados por el sistema
| strNombre | strApellido | strEmail | strAnoNacimiento | strMesNacimiento | strDiaNacimiento | strCiudad | strZip | strPais | strDispositivo | strModelo | strSo | strClave |
| User | Prueba | brtm@hotmail.com | 1993 | November | 23 | Bogotá | 110101 | Colombia | Alcatel | Crystal | Android 7.0 | Oira.1032370453 | [Brayan llenar [Brayan enters 'User' into Primer nombre, Brayan enters 'Prueba' into Apellido, Brayan enters 'brtm@hotmail.com' into Email, Brayan select November on Mes de nacido, Brayan select 23 on Dia de nacido, Brayan select 1993 on Ano nacimiento, Brayan clicks on Boton de localizacion], Brayan llenar ubicacion [Brayan enters 'Bogotá' into Ciudad, Brayan types 'ARROW_DOWN' in Ciudad, Brayan types 'ENTER' in Ciudad, Brayan enters '110101' into Codigo Postal, Brayan clicks on Contenedor, Brayan enters 'Colombia' then hits ARROW_DOWN and ENTER into Paises, Brayan clicks on Dispositivos], Brayan llenar dis [Brayan clicks on Contenedor Dispo, Brayan enters 'Alcatel' then hits ARROW_DOWN and ENTER into despliegue dispositivos, Brayan clicks on Contenedor Modelos, Brayan enters 'Crystal' then hits ARROW_DOWN and ENTER into despliegue Modelos, Brayan clicks on Contenedor SO, Brayan enters 'Android 7.0' then hits ARROW_DOWN and ENTER into despliegue SO]]
[Test worker] WARN net.thucydides.core.steps.BaseStepListener - stepStarted: net.thucydides.core.steps.ExecutedStepDescription@5265dff3
[Test worker] WARN net.thucydides.core.steps.BaseStepListener - stepFinished: current outcome:Registro de usuario en la pagina:Given Se desea registrar a un usuario en la pagina [Brayan abrir [Brayan opens the Pagina, Brayan clicks on Boton para iniciar registro]], When Se diligenciara un formulario con los datos del usuario solicitados por el sistema
| strNombre | strApellido | strEmail | strAnoNacimiento | strMesNacimiento | strDiaNacimiento | strCiudad | strZip | strPais | strDispositivo | strModelo | strSo | strClave |
| User | Prueba | brtm@hotmail.com | 1993 | November | 23 | Bogotá | 110101 | Colombia | Alcatel | Crystal | Android 7.0 | Oira.1032370453 | [Brayan llenar [Brayan enters 'User' into Primer nombre, Brayan enters 'Prueba' into Apellido, Brayan enters 'brtm@hotmail.com' into Email, Brayan select November on Mes de nacido, Brayan select 23 on Dia de nacido, Brayan select 1993 on Ano nacimiento, Brayan clicks on Boton de localizacion], Brayan llenar ubicacion [Brayan enters 'Bogotá' into Ciudad, Brayan types 'ARROW_DOWN' in Ciudad, Brayan types 'ENTER' in Ciudad, Brayan enters '110101' into Codigo Postal, Brayan clicks on Contenedor, Brayan enters 'Colombia' then hits ARROW_DOWN and ENTER into Paises, Brayan clicks on Dispositivos], Brayan llenar dis [Brayan clicks on Contenedor Dispo, Brayan enters 'Alcatel' then hits ARROW_DOWN and ENTER into despliegue dispositivos, Brayan clicks on Contenedor Modelos, Brayan enters 'Crystal' then hits ARROW_DOWN and ENTER into despliegue Modelos, Brayan clicks on Contenedor SO, Brayan enters 'Android 7.0' then hits ARROW_DOWN and ENTER into despliegue SO, Brayan clicks on Boton siguiente]]
[Test worker] WARN net.thucydides.core.steps.BaseStepListener - stepFinished: current outcome:Registro de usuario en la pagina:Given Se desea registrar a un usuario en la pagina [Brayan abrir [Brayan opens the Pagina, Brayan clicks on Boton para iniciar registro]], When Se diligenciara un formulario con los datos del usuario solicitados por el sistema
| strNombre | strApellido | strEmail | strAnoNacimiento | strMesNacimiento | strDiaNacimiento | strCiudad | strZip | strPais | strDispositivo | strModelo | strSo | strClave |
| User | Prueba | brtm@hotmail.com | 1993 | November | 23 | Bogotá | 110101 | Colombia | Alcatel | Crystal | Android 7.0 | Oira.1032370453 | [Brayan llenar [Brayan enters 'User' into Primer nombre, Brayan enters 'Prueba' into Apellido, Brayan enters 'brtm@hotmail.com' into Email, Brayan select November on Mes de nacido, Brayan select 23 on Dia de nacido, Brayan select 1993 on Ano nacimiento, Brayan clicks on Boton de localizacion], Brayan llenar ubicacion [Brayan enters 'Bogotá' into Ciudad, Brayan types 'ARROW_DOWN' in Ciudad, Brayan types 'ENTER' in Ciudad, Brayan enters '110101' into Codigo Postal, Brayan clicks on Contenedor, Brayan enters 'Colombia' then hits ARROW_DOWN and ENTER into Paises, Brayan clicks on Dispositivos], Brayan llenar dis [Brayan clicks on Contenedor Dispo, Brayan enters 'Alcatel' then hits ARROW_DOWN and ENTER into despliegue dispositivos, Brayan clicks on Contenedor Modelos, Brayan enters 'Crystal' then hits ARROW_DOWN and ENTER into despliegue Modelos, Brayan clicks on Contenedor SO, Brayan enters 'Android 7.0' then hits ARROW_DOWN and ENTER into despliegue SO, Brayan clicks on Boton siguiente]]
[Test worker] WARN net.thucydides.core.steps.BaseStepListener - stepStarted: net.thucydides.core.steps.ExecutedStepDescription@6d9695b4
[Test worker] WARN net.thucydides.core.steps.BaseStepListener - stepStarted: net.thucydides.core.steps.ExecutedStepDescription@1182eae8
[Test worker] WARN net.thucydides.core.steps.BaseStepListener - stepFinished: current outcome:Registro de usuario en la pagina:Given Se desea registrar a un usuario en la pagina [Brayan abrir [Brayan opens the Pagina, Brayan clicks on Boton para iniciar registro]], When Se diligenciara un formulario con los datos del usuario solicitados por el sistema
| strNombre | strApellido | strEmail | strAnoNacimiento | strMesNacimiento | strDiaNacimiento | strCiudad | strZip | strPais | strDispositivo | strModelo | strSo | strClave |
| User | Prueba | brtm@hotmail.com | 1993 | November | 23 | Bogotá | 110101 | Colombia | Alcatel | Crystal | Android 7.0 | Oira.1032370453 | [Brayan llenar [Brayan enters 'User' into Primer nombre, Brayan enters 'Prueba' into Apellido, Brayan enters 'brtm@hotmail.com' into Email, Brayan select November on Mes de nacido, Brayan select 23 on Dia de nacido, Brayan select 1993 on Ano nacimiento, Brayan clicks on Boton de localizacion], Brayan llenar ubicacion [Brayan enters 'Bogotá' into Ciudad, Brayan types 'ARROW_DOWN' in Ciudad, Brayan types 'ENTER' in Ciudad, Brayan enters '110101' into Codigo Postal, Brayan clicks on Contenedor, Brayan enters 'Colombia' then hits ARROW_DOWN and ENTER into Paises, Brayan clicks on Dispositivos], Brayan llenar dis [Brayan clicks on Contenedor Dispo, Brayan enters 'Alcatel' then hits ARROW_DOWN and ENTER into despliegue dispositivos, Brayan clicks on Contenedor Modelos, Brayan enters 'Crystal' then hits ARROW_DOWN and ENTER into despliegue Modelos, Brayan clicks on Contenedor SO, Brayan enters 'Android 7.0' then hits ARROW_DOWN and ENTER into despliegue SO, Brayan clicks on Boton siguiente], Brayan llenarf [Brayan enters 'Oira.1032370453' into Clave]]
[Test worker] WARN net.thucydides.core.steps.BaseStepListener - stepStarted: net.thucydides.core.steps.ExecutedStepDescription@18cdb86b
[Test worker] WARN net.thucydides.core.steps.BaseStepListener - stepFinished: current outcome:Registro de usuario en la pagina:Given Se desea registrar a un usuario en la pagina [Brayan abrir [Brayan opens the Pagina, Brayan clicks on Boton para iniciar registro]], When Se diligenciara un formulario con los datos del usuario solicitados por el sistema
| strNombre | strApellido | strEmail | strAnoNacimiento | strMesNacimiento | strDiaNacimiento | strCiudad | strZip | strPais | strDispositivo | strModelo | strSo | strClave |
| User | Prueba | brtm@hotmail.com | 1993 | November | 23 | Bogotá | 110101 | Colombia | Alcatel | Crystal | Android 7.0 | Oira.1032370453 | [Brayan llenar [Brayan enters 'User' into Primer nombre, Brayan enters 'Prueba' into Apellido, Brayan enters 'brtm@hotmail.com' into Email, Brayan select November on Mes de nacido, Brayan select 23 on Dia de nacido, Brayan select 1993 on Ano nacimiento, Brayan clicks on Boton de localizacion], Brayan llenar ubicacion [Brayan enters 'Bogotá' into Ciudad, Brayan types 'ARROW_DOWN' in Ciudad, Brayan types 'ENTER' in Ciudad, Brayan enters '110101' into Codigo Postal, Brayan clicks on Contenedor, Brayan enters 'Colombia' then hits ARROW_DOWN and ENTER into Paises, Brayan clicks on Dispositivos], Brayan llenar dis [Brayan clicks on Contenedor Dispo, Brayan enters 'Alcatel' then hits ARROW_DOWN and ENTER into despliegue dispositivos, Brayan clicks on Contenedor Modelos, Brayan enters 'Crystal' then hits ARROW_DOWN and ENTER into despliegue Modelos, Brayan clicks on Contenedor SO, Brayan enters 'Android 7.0' then hits ARROW_DOWN and ENTER into despliegue SO, Brayan clicks on Boton siguiente], Brayan llenarf [Brayan enters 'Oira.1032370453' into Clave, Brayan enters 'Oira.1032370453' into Confirmar Clave]]
[Test worker] WARN net.thucydides.core.steps.BaseStepListener - stepStarted: net.thucydides.core.steps.ExecutedStepDescription@386fa557
[Test worker] WARN net.thucydides.core.steps.BaseStepListener - stepFinished: current outcome:Registro de usuario en la pagina:Given Se desea registrar a un usuario en la pagina [Brayan abrir [Brayan opens the Pagina, Brayan clicks on Boton para iniciar registro]], When Se diligenciara un formulario con los datos del usuario solicitados por el sistema
| strNombre | strApellido | strEmail | strAnoNacimiento | strMesNacimiento | strDiaNacimiento | strCiudad | strZip | strPais | strDispositivo | strModelo | strSo | strClave |
| User | Prueba | brtm@hotmail.com | 1993 | November | 23 | Bogotá | 110101 | Colombia | Alcatel | Crystal | Android 7.0 | Oira.1032370453 | [Brayan llenar [Brayan enters 'User' into Primer nombre, Brayan enters 'Prueba' into Apellido, Brayan enters 'brtm@hotmail.com' into Email, Brayan select November on Mes de nacido, Brayan select 23 on Dia de nacido, Brayan select 1993 on Ano nacimiento, Brayan clicks on Boton de localizacion], Brayan llenar ubicacion [Brayan enters 'Bogotá' into Ciudad, Brayan types 'ARROW_DOWN' in Ciudad, Brayan types 'ENTER' in Ciudad, Brayan enters '110101' into Codigo Postal, Brayan clicks on Contenedor, Brayan enters 'Colombia' then hits ARROW_DOWN and ENTER into Paises, Brayan clicks on Dispositivos], Brayan llenar dis [Brayan clicks on Contenedor Dispo, Brayan enters 'Alcatel' then hits ARROW_DOWN and ENTER into despliegue dispositivos, Brayan clicks on Contenedor Modelos, Brayan enters 'Crystal' then hits ARROW_DOWN and ENTER into despliegue Modelos, Brayan clicks on Contenedor SO, Brayan enters 'Android 7.0' then hits ARROW_DOWN and ENTER into despliegue SO, Brayan clicks on Boton siguiente], Brayan llenarf [Brayan enters 'Oira.1032370453' into Clave, Brayan enters 'Oira.1032370453' into Confirmar Clave, Brayan clicks on chec1]]
[Test worker] WARN net.thucydides.core.steps.BaseStepListener - stepStarted: net.thucydides.core.steps.ExecutedStepDescription@3356c3a
[Test worker] WARN net.thucydides.core.steps.BaseStepListener - stepFinished: current outcome:Registro de usuario en la pagina:Given Se desea registrar a un usuario en la pagina [Brayan abrir [Brayan opens the Pagina, Brayan clicks on Boton para iniciar registro]], When Se diligenciara un formulario con los datos del usuario solicitados por el sistema
| strNombre | strApellido | strEmail | strAnoNacimiento | strMesNacimiento | strDiaNacimiento | strCiudad | strZip | strPais | strDispositivo | strModelo | strSo | strClave |
| User | Prueba | brtm@hotmail.com | 1993 | November | 23 | Bogotá | 110101 | Colombia | Alcatel | Crystal | Android 7.0 | Oira.1032370453 | [Brayan llenar [Brayan enters 'User' into Primer nombre, Brayan enters 'Prueba' into Apellido, Brayan enters 'brtm@hotmail.com' into Email, Brayan select November on Mes de nacido, Brayan select 23 on Dia de nacido, Brayan select 1993 on Ano nacimiento, Brayan clicks on Boton de localizacion], Brayan llenar ubicacion [Brayan enters 'Bogotá' into Ciudad, Brayan types 'ARROW_DOWN' in Ciudad, Brayan types 'ENTER' in Ciudad, Brayan enters '110101' into Codigo Postal, Brayan clicks on Contenedor, Brayan enters 'Colombia' then hits ARROW_DOWN and ENTER into Paises, Brayan clicks on Dispositivos], Brayan llenar dis [Brayan clicks on Contenedor Dispo, Brayan enters 'Alcatel' then hits ARROW_DOWN and ENTER into despliegue dispositivos, Brayan clicks on Contenedor Modelos, Brayan enters 'Crystal' then hits ARROW_DOWN and ENTER into despliegue Modelos, Brayan clicks on Contenedor SO, Brayan enters 'Android 7.0' then hits ARROW_DOWN and ENTER into despliegue SO, Brayan clicks on Boton siguiente], Brayan llenarf [Brayan enters 'Oira.1032370453' into Clave, Brayan enters 'Oira.1032370453' into Confirmar Clave, Brayan clicks on chec1, Brayan clicks on chec2]]
[Test worker] WARN net.thucydides.core.steps.BaseStepListener - stepStarted: net.thucydides.core.steps.ExecutedStepDescription@1d8cac7d
[Test worker] WARN net.thucydides.core.steps.BaseStepListener - stepFinished: current outcome:Registro de usuario en la pagina:Given Se desea registrar a un usuario en la pagina [Brayan abrir [Brayan opens the Pagina, Brayan clicks on Boton para iniciar registro]], When Se diligenciara un formulario con los datos del usuario solicitados por el sistema
| strNombre | strApellido | strEmail | strAnoNacimiento | strMesNacimiento | strDiaNacimiento | strCiudad | strZip | strPais | strDispositivo | strModelo | strSo | strClave |
| User | Prueba | brtm@hotmail.com | 1993 | November | 23 | Bogotá | 110101 | Colombia | Alcatel | Crystal | Android 7.0 | Oira.1032370453 | [Brayan llenar [Brayan enters 'User' into Primer nombre, Brayan enters 'Prueba' into Apellido, Brayan enters 'brtm@hotmail.com' into Email, Brayan select November on Mes de nacido, Brayan select 23 on Dia de nacido, Brayan select 1993 on Ano nacimiento, Brayan clicks on Boton de localizacion], Brayan llenar ubicacion [Brayan enters 'Bogotá' into Ciudad, Brayan types 'ARROW_DOWN' in Ciudad, Brayan types 'ENTER' in Ciudad, Brayan enters '110101' into Codigo Postal, Brayan clicks on Contenedor, Brayan enters 'Colombia' then hits ARROW_DOWN and ENTER into Paises, Brayan clicks on Dispositivos], Brayan llenar dis [Brayan clicks on Contenedor Dispo, Brayan enters 'Alcatel' then hits ARROW_DOWN and ENTER into despliegue dispositivos, Brayan clicks on Contenedor Modelos, Brayan enters 'Crystal' then hits ARROW_DOWN and ENTER into despliegue Modelos, Brayan clicks on Contenedor SO, Brayan enters 'Android 7.0' then hits ARROW_DOWN and ENTER into despliegue SO, Brayan clicks on Boton siguiente], Brayan llenarf [Brayan enters 'Oira.1032370453' into Clave, Brayan enters 'Oira.1032370453' into Confirmar Clave, Brayan clicks on chec1, Brayan clicks on chec2, Brayan clicks on chec3]]
[Test worker] WARN net.thucydides.core.steps.BaseStepListener - stepStarted: net.thucydides.core.steps.ExecutedStepDescription@4514aa2a
[Test worker] WARN net.thucydides.core.steps.BaseStepListener - stepFinished: current outcome:Registro de usuario en la pagina:Given Se desea registrar a un usuario en la pagina [Brayan abrir [Brayan opens the Pagina, Brayan clicks on Boton para iniciar registro]], When Se diligenciara un formulario con los datos del usuario solicitados por el sistema
| strNombre | strApellido | strEmail | strAnoNacimiento | strMesNacimiento | strDiaNacimiento | strCiudad | strZip | strPais | strDispositivo | strModelo | strSo | strClave |
| User | Prueba | brtm@hotmail.com | 1993 | November | 23 | Bogotá | 110101 | Colombia | Alcatel | Crystal | Android 7.0 | Oira.1032370453 | [Brayan llenar [Brayan enters 'User' into Primer nombre, Brayan enters 'Prueba' into Apellido, Brayan enters 'brtm@hotmail.com' into Email, Brayan select November on Mes de nacido, Brayan select 23 on Dia de nacido, Brayan select 1993 on Ano nacimiento, Brayan clicks on Boton de localizacion], Brayan llenar ubicacion [Brayan enters 'Bogotá' into Ciudad, Brayan types 'ARROW_DOWN' in Ciudad, Brayan types 'ENTER' in Ciudad, Brayan enters '110101' into Codigo Postal, Brayan clicks on Contenedor, Brayan enters 'Colombia' then hits ARROW_DOWN and ENTER into Paises, Brayan clicks on Dispositivos], Brayan llenar dis [Brayan clicks on Contenedor Dispo, Brayan enters 'Alcatel' then hits ARROW_DOWN and ENTER into despliegue dispositivos, Brayan clicks on Contenedor Modelos, Brayan enters 'Crystal' then hits ARROW_DOWN and ENTER into despliegue Modelos, Brayan clicks on Contenedor SO, Brayan enters 'Android 7.0' then hits ARROW_DOWN and ENTER into despliegue SO, Brayan clicks on Boton siguiente], Brayan llenarf [Brayan enters 'Oira.1032370453' into Clave, Brayan enters 'Oira.1032370453' into Confirmar Clave, Brayan clicks on chec1, Brayan clicks on chec2, Brayan clicks on chec3, Brayan clicks on Boton]]
[Test worker] WARN net.thucydides.core.steps.BaseStepListener - stepFinished: current outcome:Registro de usuario en la pagina:Given Se desea registrar a un usuario en la pagina [Brayan abrir [Brayan opens the Pagina, Brayan clicks on Boton para iniciar registro]], When Se diligenciara un formulario con los datos del usuario solicitados por el sistema
| strNombre | strApellido | strEmail | strAnoNacimiento | strMesNacimiento | strDiaNacimiento | strCiudad | strZip | strPais | strDispositivo | strModelo | strSo | strClave |
| User | Prueba | brtm@hotmail.com | 1993 | November | 23 | Bogotá | 110101 | Colombia | Alcatel | Crystal | Android 7.0 | Oira.1032370453 | [Brayan llenar [Brayan enters 'User' into Primer nombre, Brayan enters 'Prueba' into Apellido, Brayan enters 'brtm@hotmail.com' into Email, Brayan select November on Mes de nacido, Brayan select 23 on Dia de nacido, Brayan select 1993 on Ano nacimiento, Brayan clicks on Boton de localizacion], Brayan llenar ubicacion [Brayan enters 'Bogotá' into Ciudad, Brayan types 'ARROW_DOWN' in Ciudad, Brayan types 'ENTER' in Ciudad, Brayan enters '110101' into Codigo Postal, Brayan clicks on Contenedor, Brayan enters 'Colombia' then hits ARROW_DOWN and ENTER into Paises, Brayan clicks on Dispositivos], Brayan llenar dis [Brayan clicks on Contenedor Dispo, Brayan enters 'Alcatel' then hits ARROW_DOWN and ENTER into despliegue dispositivos, Brayan clicks on Contenedor Modelos, Brayan enters 'Crystal' then hits ARROW_DOWN and ENTER into despliegue Modelos, Brayan clicks on Contenedor SO, Brayan enters 'Android 7.0' then hits ARROW_DOWN and ENTER into despliegue SO, Brayan clicks on Boton siguiente], Brayan llenarf [Brayan enters 'Oira.1032370453' into Clave, Brayan enters 'Oira.1032370453' into Confirmar Clave, Brayan clicks on chec1, Brayan clicks on chec2, Brayan clicks on chec3, Brayan clicks on Boton]]
[Test worker] WARN net.thucydides.core.steps.BaseStepListener - stepFinished: current outcome:Registro de usuario en la pagina:Given Se desea registrar a un usuario en la pagina [Brayan abrir [Brayan opens the Pagina, Brayan clicks on Boton para iniciar registro]], When Se diligenciara un formulario con los datos del usuario solicitados por el sistema
| strNombre | strApellido | strEmail | strAnoNacimiento | strMesNacimiento | strDiaNacimiento | strCiudad | strZip | strPais | strDispositivo | strModelo | strSo | strClave |
| User | Prueba | brtm@hotmail.com | 1993 | November | 23 | Bogotá | 110101 | Colombia | Alcatel | Crystal | Android 7.0 | Oira.1032370453 | [Brayan llenar [Brayan enters 'User' into Primer nombre, Brayan enters 'Prueba' into Apellido, Brayan enters 'brtm@hotmail.com' into Email, Brayan select November on Mes de nacido, Brayan select 23 on Dia de nacido, Brayan select 1993 on Ano nacimiento, Brayan clicks on Boton de localizacion], Brayan llenar ubicacion [Brayan enters 'Bogotá' into Ciudad, Brayan types 'ARROW_DOWN' in Ciudad, Brayan types 'ENTER' in Ciudad, Brayan enters '110101' into Codigo Postal, Brayan clicks on Contenedor, Brayan enters 'Colombia' then hits ARROW_DOWN and ENTER into Paises, Brayan clicks on Dispositivos], Brayan llenar dis [Brayan clicks on Contenedor Dispo, Brayan enters 'Alcatel' then hits ARROW_DOWN and ENTER into despliegue dispositivos, Brayan clicks on Contenedor Modelos, Brayan enters 'Crystal' then hits ARROW_DOWN and ENTER into despliegue Modelos, Brayan clicks on Contenedor SO, Brayan enters 'Android 7.0' then hits ARROW_DOWN and ENTER into despliegue SO, Brayan clicks on Boton siguiente], Brayan llenarf [Brayan enters 'Oira.1032370453' into Clave, Brayan enters 'Oira.1032370453' into Confirmar Clave, Brayan clicks on chec1, Brayan clicks on chec2, Brayan clicks on chec3, Brayan clicks on Boton]]
[Test worker] WARN net.thucydides.core.steps.BaseStepListener - stepStarted: net.thucydides.core.steps.ExecutedStepDescription@5c095b70
[Test worker] WARN net.thucydides.core.steps.BaseStepListener - stepStarted: net.thucydides.core.steps.ExecutedStepDescription@46a984f0
[Test worker] WARN net.thucydides.core.steps.BaseStepListener - testFinished: Registro de usuario en la pagina:Given Se desea registrar a un usuario en la pagina [Brayan abrir [Brayan opens the Pagina, Brayan clicks on Boton para iniciar registro]], When Se diligenciara un formulario con los datos del usuario solicitados por el sistema
| strNombre | strApellido | strEmail | strAnoNacimiento | strMesNacimiento | strDiaNacimiento | strCiudad | strZip | strPais | strDispositivo | strModelo | strSo | strClave |
| User | Prueba | brtm@hotmail.com | 1993 | November | 23 | Bogotá | 110101 | Colombia | Alcatel | Crystal | Android 7.0 | Oira.1032370453 | [Brayan llenar [Brayan enters 'User' into Primer nombre, Brayan enters 'Prueba' into Apellido, Brayan enters 'brtm@hotmail.com' into Email, Brayan select November on Mes de nacido, Brayan select 23 on Dia de nacido, Brayan select 1993 on Ano nacimiento, Brayan clicks on Boton de localizacion], Brayan llenar ubicacion [Brayan enters 'Bogotá' into Ciudad, Brayan types 'ARROW_DOWN' in Ciudad, Brayan types 'ENTER' in Ciudad, Brayan enters '110101' into Codigo Postal, Brayan clicks on Contenedor, Brayan enters 'Colombia' then hits ARROW_DOWN and ENTER into Paises, Brayan clicks on Dispositivos], Brayan llenar dis [Brayan clicks on Contenedor Dispo, Brayan enters 'Alcatel' then hits ARROW_DOWN and ENTER into despliegue dispositivos, Brayan clicks on Contenedor Modelos, Brayan enters 'Crystal' then hits ARROW_DOWN and ENTER into despliegue Modelos, Brayan clicks on Contenedor SO, Brayan enters 'Android 7.0' then hits ARROW_DOWN and ENTER into despliegue SO, Brayan clicks on Boton siguiente], Brayan llenarf [Brayan enters 'Oira.1032370453' into Clave, Brayan enters 'Oira.1032370453' into Confirmar Clave, Brayan clicks on chec1, Brayan clicks on chec2, Brayan clicks on chec3, Brayan clicks on Boton]], Then posteriormente se debe dar click en el boton de registro para finalizar el mismo
| strTxt |
| Complete | [Then r]
[Test worker] WARN net.thucydides.core.steps.BaseStepListener - TestOutcomes: [Registro de usuario en la pagina:Given Se desea registrar a un usuario en la pagina [Brayan abrir [Brayan opens the Pagina, Brayan clicks on Boton para iniciar registro]], When Se diligenciara un formulario con los datos del usuario solicitados por el sistema
| strNombre | strApellido | strEmail | strAnoNacimiento | strMesNacimiento | strDiaNacimiento | strCiudad | strZip | strPais | strDispositivo | strModelo | strSo | strClave |
| User | Prueba | brtm@hotmail.com | 1993 | November | 23 | Bogotá | 110101 | Colombia | Alcatel | Crystal | Android 7.0 | Oira.1032370453 | [Brayan llenar [Brayan enters 'User' into Primer nombre, Brayan enters 'Prueba' into Apellido, Brayan enters 'brtm@hotmail.com' into Email, Brayan select November on Mes de nacido, Brayan select 23 on Dia de nacido, Brayan select 1993 on Ano nacimiento, Brayan clicks on Boton de localizacion], Brayan llenar ubicacion [Brayan enters 'Bogotá' into Ciudad, Brayan types 'ARROW_DOWN' in Ciudad, Brayan types 'ENTER' in Ciudad, Brayan enters '110101' into Codigo Postal, Brayan clicks on Contenedor, Brayan enters 'Colombia' then hits ARROW_DOWN and ENTER into Paises, Brayan clicks on Dispositivos], Brayan llenar dis [Brayan clicks on Contenedor Dispo, Brayan enters 'Alcatel' then hits ARROW_DOWN and ENTER into despliegue dispositivos, Brayan clicks on Contenedor Modelos, Brayan enters 'Crystal' then hits ARROW_DOWN and ENTER into despliegue Modelos, Brayan clicks on Contenedor SO, Brayan enters 'Android 7.0' then hits ARROW_DOWN and ENTER into despliegue SO, Brayan clicks on Boton siguiente], Brayan llenarf [Brayan enters 'Oira.1032370453' into Clave, Brayan enters 'Oira.1032370453' into Confirmar Clave, Brayan clicks on chec1, Brayan clicks on chec2, Brayan clicks on chec3, Brayan clicks on Boton]], Then posteriormente se debe dar click en el boton de registro para finalizar el mismo
| strTxt |
| Complete | [Then r]]
[Test worker] WARN net.thucydides.core.steps.BaseStepListener - Final testOutcomes: [Registro de usuario en la pagina:Given Se desea registrar a un usuario en la pagina [Brayan abrir [Brayan opens the Pagina, Brayan clicks on Boton para iniciar registro]], When Se diligenciara un formulario con los datos del usuario solicitados por el sistema
| strNombre | strApellido | strEmail | strAnoNacimiento | strMesNacimiento | strDiaNacimiento | strCiudad | strZip | strPais | strDispositivo | strModelo | strSo | strClave |
| User | Prueba | brtm@hotmail.com | 1993 | November | 23 | Bogotá | 110101 | Colombia | Alcatel | Crystal | Android 7.0 | Oira.1032370453 | [Brayan llenar [Brayan enters 'User' into Primer nombre, Brayan enters 'Prueba' into Apellido, Brayan enters 'brtm@hotmail.com' into Email, Brayan select November on Mes de nacido, Brayan select 23 on Dia de nacido, Brayan select 1993 on Ano nacimiento, Brayan clicks on Boton de localizacion], Brayan llenar ubicacion [Brayan enters 'Bogotá' into Ciudad, Brayan types 'ARROW_DOWN' in Ciudad, Brayan types 'ENTER' in Ciudad, Brayan enters '110101' into Codigo Postal, Brayan clicks on Contenedor, Brayan enters 'Colombia' then hits ARROW_DOWN and ENTER into Paises, Brayan clicks on Dispositivos], Brayan llenar dis [Brayan clicks on Contenedor Dispo, Brayan enters 'Alcatel' then hits ARROW_DOWN and ENTER into despliegue dispositivos, Brayan clicks on Contenedor Modelos, Brayan enters 'Crystal' then hits ARROW_DOWN and ENTER into despliegue Modelos, Brayan clicks on Contenedor SO, Brayan enters 'Android 7.0' then hits ARROW_DOWN and ENTER into despliegue SO, Brayan clicks on Boton siguiente], Brayan llenarf [Brayan enters 'Oira.1032370453' into Clave, Brayan enters 'Oira.1032370453' into Confirmar Clave, Brayan clicks on chec1, Brayan clicks on chec2, Brayan clicks on chec3, Brayan clicks on Boton]], Then posteriormente se debe dar click en el boton de registro para finalizar el mismo
| strTxt |
| Complete | [Then r]]
[Test worker] ERROR net.thucydides.core.steps.ConsoleLoggingListener - 
           __  _____ _____ ____ _____   _____ _    ___ _     _____ ____  
  _       / / |_   _| ____/ ___|_   _| |  ___/ \  |_ _| |   | ____|  _ \ 
 (_)_____| |    | | |  _| \___ \ | |   | |_ / _ \  | || |   |  _| | | | |
  _|_____| |    | | | |___ ___) || |   |  _/ ___ \ | || |___| |___| |_| |
 (_)     | |    |_| |_____|____/ |_|   |_|/_/   \_\___|_____|_____|____/ 
          \_\                                                            

TEST FAILED: Registro de usuario en la pagina
--------------------------------------------------------------------------
[Test worker] ERROR net.thucydides.core.steps.ConsoleLoggingListener - TEST FAILED AT STEP Then r
[Test worker] ERROR net.thucydides.core.steps.ConsoleLoggingListener - Expected rExpected: is <true> but: was <false>
]]></system-err>
</testsuite>
